[2024-05-11T14:35:39.332707+03:00] [] [INFO] [NCLS-GFLAUNCHER-00005] [jakarta.enterprise.launcher] [tid: _ThreadID=1 _ThreadName=main] [levelValue: 800] [[
  JVM invocation command line:
/Users/razvangata/Library/Java/JavaVirtualMachines/corretto-21.0.3/Contents/Home/bin/java
-cp
/Users/razvangata/glassfish7/glassfish/modules/glassfish.jar
-DWALL_CLOCK_START=2024-05-11T11:35:39.056317Z
-XX:+UnlockDiagnosticVMOptions
-XX:NewRatio=2
-Xmx512m
--add-opens=java.base/java.io=ALL-UNNAMED
--add-opens=java.base/java.lang=ALL-UNNAMED
--add-opens=java.base/java.util=ALL-UNNAMED
--add-opens=java.base/sun.net.www.protocol.jrt=ALL-UNNAMED
--add-opens=java.naming/javax.naming.spi=ALL-UNNAMED
--add-opens=java.rmi/sun.rmi.transport=ALL-UNNAMED
--add-opens=jdk.management/com.sun.management.internal=ALL-UNNAMED
--add-exports=java.naming/com.sun.jndi.ldap=ALL-UNNAMED
--add-exports=java.base/jdk.internal.vm.annotation=ALL-UNNAMED
--add-opens=java.base/jdk.internal.vm.annotation=ALL-UNNAMED
-javaagent:/Users/razvangata/glassfish7/glassfish/lib/monitor/flashlight-agent.jar
-Djava.awt.headless=true
-Djdk.corba.allowOutputStreamSubclass=true
-Djdk.tls.rejectClientInitiatedRenegotiation=true
-Djavax.xml.accessExternalSchema=all
-Djava.security.policy=/Users/razvangata/glassfish7/glassfish/domains/domain1/config/server.policy
-Djava.security.auth.login.config=/Users/razvangata/glassfish7/glassfish/domains/domain1/config/login.conf
-Dcom.sun.enterprise.security.httpsOutboundKeyAlias=s1as
-Djavax.net.ssl.keyStore=/Users/razvangata/glassfish7/glassfish/domains/domain1/config/keystore.jks
-Djavax.net.ssl.trustStore=/Users/razvangata/glassfish7/glassfish/domains/domain1/config/cacerts.jks
-Djdbc.drivers=org.apache.derby.jdbc.ClientDriver
-DANTLR_USE_DIRECT_CLASS_LOADING=true
-Dcom.sun.enterprise.config.config_environment_factory_class=com.sun.enterprise.config.serverbeans.AppserverConfigEnvironmentFactory
-Dorg.glassfish.additionalOSGiBundlesToStart=org.apache.felix.shell,org.apache.felix.gogo.runtime,org.apache.felix.gogo.shell,org.apache.felix.gogo.command,org.apache.felix.shell.remote,org.apache.felix.fileinstall
-Dosgi.shell.telnet.port=6666
-Dosgi.shell.telnet.maxconn=1
-Dosgi.shell.telnet.ip=127.0.0.1
-Dgosh.args=--nointeractive
-Dfelix.fileinstall.dir=/Users/razvangata/glassfish7/glassfish/modules/autostart/
-Dfelix.fileinstall.poll=5000
-Dfelix.fileinstall.log.level=2
-Dfelix.fileinstall.bundles.new.start=true
-Dfelix.fileinstall.bundles.startTransient=true
-Dfelix.fileinstall.disableConfigSave=false
-Dorg.glassfish.gmbal.no.multipleUpperBoundsException=true
-Dcom.ctc.wstx.returnNullForDefaultNamespace=true
-Djdk.attach.allowAttachSelf=true
-Dcom.sun.aas.instanceRoot=/Users/razvangata/glassfish7/glassfish/domains/domain1
-Dcom.sun.aas.installRoot=/Users/razvangata/glassfish7/glassfish
-Djava.library.path=/Users/razvangata/glassfish7/glassfish/lib:/Users/razvangata/Library/Java/Extensions:/Library/Java/Extensions:/Network/Library/Java/Extensions:/System/Library/Java/Extensions:/usr/lib/java:/Users/razvangata/glassfish7/glassfish/bin
com.sun.enterprise.glassfish.bootstrap.ASMain
-upgrade
false
-domaindir
/Users/razvangata/glassfish7/glassfish/domains/domain1
-read-stdin
true
-asadmin-args
--host,,,localhost,,,--port,,,4848,,,--secure=false,,,--terse=false,,,--echo=false,,,--interactive=true,,,start-domain,,,--verbose=false,,,--watchdog=false,,,--debug=false,,,--domaindir,,,/Users/razvangata/glassfish7/glassfish/domains,,,domain1
-domainname
domain1
-instancename
server
-type
DAS
-verbose
false
-asadmin-classpath
/Users/razvangata/glassfish7/glassfish/lib/client/appserver-cli.jar
-debug
false
-asadmin-classname
com.sun.enterprise.admin.cli.AdminMain]]

[2024-05-11T14:35:40.389052+03:00] [GF 7.0.14] [INFO] [] [com.sun.enterprise.server.logging.LogManagerService] [tid: _ThreadID=1 _ThreadName=main] [levelValue: 800] [[
  Using property file: /Users/razvangata/glassfish7/glassfish/domains/domain1/config/logging.properties]]

[2024-05-11T14:35:40.404533+03:00] [GF 7.0.14] [INFO] [NCLS-LOGGING-00009] [com.sun.enterprise.server.logging.LogManagerService] [tid: _ThreadID=1 _ThreadName=main] [levelValue: 800] [[
  Running GlassFish Version: Eclipse GlassFish 7.0.14 (commit: 70f1611614518af9c9251b33d7957c9878abe97f)]]

[2024-05-11T14:35:40.526720+03:00] [GF 7.0.14] [INFO] [NCLS-CORE-00087] [jakarta.enterprise.system.core] [tid: _ThreadID=1 _ThreadName=main] [levelValue: 800] [[
  Grizzly Framework 4.0.2 started in: 6 ms - bound to [/0.0.0.0:8080]]]

[2024-05-11T14:35:40.534881+03:00] [GF 7.0.14] [INFO] [NCLS-CORE-00087] [jakarta.enterprise.system.core] [tid: _ThreadID=1 _ThreadName=main] [levelValue: 800] [[
  Grizzly Framework 4.0.2 started in: 0 ms - bound to [/0.0.0.0:8181]]]

[2024-05-11T14:35:40.536247+03:00] [GF 7.0.14] [INFO] [NCLS-CORE-00087] [jakarta.enterprise.system.core] [tid: _ThreadID=1 _ThreadName=main] [levelValue: 800] [[
  Grizzly Framework 4.0.2 started in: 0 ms - bound to [/0.0.0.0:4848]]]

[2024-05-11T14:35:40.556884+03:00] [GF 7.0.14] [INFO] [SEC-SVCS-00100] [jakarta.enterprise.security.services] [tid: _ThreadID=1 _ThreadName=main] [levelValue: 800] [[
  Authorization Service has successfully initialized.]]

[2024-05-11T14:35:40.574943+03:00] [GF 7.0.14] [INFO] [NCLS-SECURITY-01115] [jakarta.enterprise.system.core.security] [tid: _ThreadID=1 _ThreadName=main] [levelValue: 800] [[
  Realm [admin-realm] of classtype [com.sun.enterprise.security.auth.realm.file.FileRealm] successfully created.]]

[2024-05-11T14:35:40.575626+03:00] [GF 7.0.14] [INFO] [NCLS-SECURITY-01115] [jakarta.enterprise.system.core.security] [tid: _ThreadID=1 _ThreadName=main] [levelValue: 800] [[
  Realm [file] of classtype [com.sun.enterprise.security.auth.realm.file.FileRealm] successfully created.]]

[2024-05-11T14:35:40.578143+03:00] [GF 7.0.14] [INFO] [NCLS-SECURITY-01115] [jakarta.enterprise.system.core.security] [tid: _ThreadID=1 _ThreadName=main] [levelValue: 800] [[
  Realm [certificate] of classtype [com.sun.enterprise.security.auth.realm.certificate.CertificateRealm] successfully created.]]

[2024-05-11T14:35:40.582617+03:00] [GF 7.0.14] [INFO] [NCLS-SECURITY-01115] [jakarta.enterprise.system.core.security] [tid: _ThreadID=1 _ThreadName=main] [levelValue: 800] [[
  Realm [jdbcRealm] of classtype [com.sun.enterprise.security.ee.authentication.glassfish.jdbc.JDBCRealm] successfully created.]]

[2024-05-11T14:35:40.623838+03:00] [GF 7.0.14] [INFO] [] [org.glassfish.ha.store.spi.BackingStoreFactoryRegistry] [tid: _ThreadID=1 _ThreadName=main] [levelValue: 800] [[
  Registered org.glassfish.ha.store.adapter.cache.ShoalBackingStoreProxy for persistence-type = replicated in BackingStoreFactoryRegistry]]

[2024-05-11T14:35:40.645330+03:00] [GF 7.0.14] [INFO] [NCLS-CORE-00087] [jakarta.enterprise.system.core] [tid: _ThreadID=1 _ThreadName=main] [levelValue: 800] [[
  Grizzly Framework 4.0.2 started in: 1 ms - bound to [/0.0.0.0:3700]]]

[2024-05-11T14:35:40.647984+03:00] [GF 7.0.14] [INFO] [NCLS-CORE-00017] [jakarta.enterprise.system.core] [tid: _ThreadID=1 _ThreadName=main] [levelValue: 800] [[
  Eclipse GlassFish 7.0.14 (commit: 70f1611614518af9c9251b33d7957c9878abe97f) startup time: Embedded (907 ms), startup services (285 ms), total (1,192 ms)]]

[2024-05-11T14:35:40.649121+03:00] [GF 7.0.14] [INFO] [NCLS-CORE-00018] [jakarta.enterprise.system.core] [tid: _ThreadID=1 _ThreadName=main] [levelValue: 800] [[
  Total startup time including CLI: 1,592 ms]]

[2024-05-11T14:35:40.735583+03:00] [GF 7.0.14] [INFO] [NCLS-JMX-00005] [jakarta.enterprise.system.jmx] [tid: _ThreadID=72 _ThreadName=Thread-6] [levelValue: 800] [[
  JMXStartupService has started JMXConnector on JMXService URL service:jmx:rmi://localhost:8686/jndi/rmi://localhost:8686/jmxrmi]]

[2024-05-11T14:35:40.781571+03:00] [GF 7.0.14] [INFO] [NCLS-CORE-00087] [jakarta.enterprise.system.core] [tid: _ThreadID=1 _ThreadName=main] [levelValue: 800] [[
  Grizzly Framework 4.0.2 started in: 0 ms - bound to [/0.0.0.0:7676]]]

[2024-05-11T14:35:41.265619+03:00] [GF 7.0.14] [INFO] [NCLS-SECURITY-01002] [jakarta.enterprise.system.core.security] [tid: _ThreadID=63 _ThreadName=admin-listener(3)] [levelValue: 800] [[
  Java security manager is disabled.]]

[2024-05-11T14:35:41.266003+03:00] [GF 7.0.14] [INFO] [NCLS-SECURITY-01010] [jakarta.enterprise.system.core.security] [tid: _ThreadID=63 _ThreadName=admin-listener(3)] [levelValue: 800] [[
  Entering Security Startup Service.]]

[2024-05-11T14:35:41.267109+03:00] [GF 7.0.14] [INFO] [NCLS-SECURITY-01143] [jakarta.enterprise.system.core.security] [tid: _ThreadID=63 _ThreadName=admin-listener(3)] [levelValue: 800] [[
  Loading policy provider org.glassfish.exousia.modules.locked.SimplePolicyProvider.]]

[2024-05-11T14:35:41.275471+03:00] [GF 7.0.14] [INFO] [NCLS-SECURITY-01011] [jakarta.enterprise.system.core.security] [tid: _ThreadID=63 _ThreadName=admin-listener(3)] [levelValue: 800] [[
  Security Service(s) started successfully.]]

[2024-05-11T14:35:41.347803+03:00] [GF 7.0.14] [INFO] [AS-WEB-GLUE-00198] [jakarta.enterprise.web] [tid: _ThreadID=63 _ThreadName=admin-listener(3)] [levelValue: 800] [[
  Created HTTP listener http-listener-1 on host/port 0.0.0.0:8080]]

[2024-05-11T14:35:41.349213+03:00] [GF 7.0.14] [INFO] [AS-WEB-GLUE-00198] [jakarta.enterprise.web] [tid: _ThreadID=63 _ThreadName=admin-listener(3)] [levelValue: 800] [[
  Created HTTP listener http-listener-2 on host/port 0.0.0.0:8181]]

[2024-05-11T14:35:41.349691+03:00] [GF 7.0.14] [INFO] [AS-WEB-GLUE-00198] [jakarta.enterprise.web] [tid: _ThreadID=63 _ThreadName=admin-listener(3)] [levelValue: 800] [[
  Created HTTP listener admin-listener on host/port 0.0.0.0:4848]]

[2024-05-11T14:35:41.357765+03:00] [GF 7.0.14] [INFO] [AS-WEB-GLUE-00200] [jakarta.enterprise.web] [tid: _ThreadID=63 _ThreadName=admin-listener(3)] [levelValue: 800] [[
  Created virtual server server]]

[2024-05-11T14:35:41.358495+03:00] [GF 7.0.14] [INFO] [AS-WEB-GLUE-00200] [jakarta.enterprise.web] [tid: _ThreadID=63 _ThreadName=admin-listener(3)] [levelValue: 800] [[
  Created virtual server __asadmin]]

[2024-05-11T14:35:41.415256+03:00] [GF 7.0.14] [INFO] [AS-WEB-CORE-00306] [jakarta.enterprise.web.core] [tid: _ThreadID=63 _ThreadName=admin-listener(3)] [levelValue: 800] [[
  Setting JAAS app name glassfish-web]]

[2024-05-11T14:35:41.415515+03:00] [GF 7.0.14] [INFO] [AS-WEB-GLUE-00201] [jakarta.enterprise.web] [tid: _ThreadID=63 _ThreadName=admin-listener(3)] [levelValue: 800] [[
  Virtual server server loaded default web module ]]

[2024-05-11T14:35:41.676204+03:00] [GF 7.0.14] [WARNING] [] [jakarta.enterprise.resource.resourceadapter.com.sun.enterprise.connectors.service] [tid: _ThreadID=63 _ThreadName=admin-listener(3)] [levelValue: 900] [[
  Probably the pool org.glassfish.resourcebase.resources.api.PoolInfo@5f2d2fce[jndiName=DayDoodleConnectionPool, applicationName=null, moduleName=null] is not yet initialized (lazy-loading), trying to check ...]]

[2024-05-11T14:35:41.689041+03:00] [GF 7.0.14] [WARNING] [using.default.ds] [jakarta.enterprise.resource.resourceadapter.org.glassfish.jdbc.util] [tid: _ThreadID=63 _ThreadName=admin-listener(3)] [levelValue: 900] [[
  RAR8068: Using default datasource: __ds_jdbc_ra for pool: DayDoodleConnectionPool]]

[2024-05-11T14:35:41.873361+03:00] [GF 7.0.14] [WARNING] [using.default.ds] [jakarta.enterprise.resource.resourceadapter.org.glassfish.jdbc.util] [tid: _ThreadID=63 _ThreadName=admin-listener(3)] [levelValue: 900] [[
  RAR8068: Using default datasource: __ds_jdbc_ra for pool: DayDoodleConnectionPool]]

[2024-05-11T14:35:41.892247+03:00] [GF 7.0.14] [INFO] [] [jakarta.enterprise.resource.resourceadapter.com.sun.enterprise.resource.pool] [tid: _ThreadID=63 _ThreadName=admin-listener(3)] [levelValue: 800] [[
  Created connection pool and added it to PoolManager: Pool [org.glassfish.resourcebase.resources.api.PoolInfo@5f2d2fce[jndiName=DayDoodleConnectionPool, applicationName=null, moduleName=null]] PoolSize=0  FreeResources=0  QueueSize=0 matching=off validation=off]]

[2024-05-11T14:35:42.094197+03:00] [GF 7.0.14] [INFO] [] [org.eclipse.persistence.session./file:/Users/razvangata/Documents/Licenta/DayDoodle/target/DayDoodle-1.0-SNAPSHOT/WEB-INF/classes/_default] [tid: _ThreadID=63 _ThreadName=admin-listener(3)] [levelValue: 800] [[
  EclipseLink, version: Eclipse Persistence Services - 4.0.2.v202306161219]]

[2024-05-11T14:35:42.265494+03:00] [GF 7.0.14] [WARNING] [] [org.eclipse.persistence.session./file:/Users/razvangata/Documents/Licenta/DayDoodle/target/DayDoodle-1.0-SNAPSHOT/WEB-INF/classes/_default] [tid: _ThreadID=63 _ThreadName=admin-listener(3)] [levelValue: 900] [[
  Local Exception Stack: 
Exception [EclipseLink-4002] (Eclipse Persistence Services - 4.0.2.v202306161219): org.eclipse.persistence.exceptions.DatabaseException
Internal Exception: java.sql.SQLException: Duplicate foreign key constraint name 'FK_USERDETAILS_username'
Error Code: 1826
Call: ALTER TABLE USERDETAILS ADD CONSTRAINT FK_USERDETAILS_username FOREIGN KEY (username) REFERENCES USER (USERNAME)
Query: DataModifyQuery(sql="ALTER TABLE USERDETAILS ADD CONSTRAINT FK_USERDETAILS_username FOREIGN KEY (username) REFERENCES USER (USERNAME)")
	at org.eclipse.persistence.exceptions.DatabaseException.sqlException(DatabaseException.java:334)
	at org.eclipse.persistence.internal.databaseaccess.DatabaseAccessor.executeDirectNoSelect(DatabaseAccessor.java:919)
	at org.eclipse.persistence.internal.databaseaccess.DatabaseAccessor.executeNoSelect(DatabaseAccessor.java:981)
	at org.eclipse.persistence.internal.databaseaccess.DatabaseAccessor.basicExecuteCall(DatabaseAccessor.java:642)
	at org.eclipse.persistence.internal.databaseaccess.DatabaseAccessor.executeCall(DatabaseAccessor.java:569)
	at org.eclipse.persistence.internal.sessions.AbstractSession.basicExecuteCall(AbstractSession.java:2048)
	at org.eclipse.persistence.sessions.server.ServerSession.executeCall(ServerSession.java:611)
	at org.eclipse.persistence.internal.queries.DatasourceCallQueryMechanism.executeCall(DatasourceCallQueryMechanism.java:280)
	at org.eclipse.persistence.internal.queries.DatasourceCallQueryMechanism.executeCall(DatasourceCallQueryMechanism.java:266)
	at org.eclipse.persistence.internal.queries.DatasourceCallQueryMechanism.executeNoSelectCall(DatasourceCallQueryMechanism.java:323)
	at org.eclipse.persistence.internal.queries.DatasourceCallQueryMechanism.executeNoSelect(DatasourceCallQueryMechanism.java:294)
	at org.eclipse.persistence.queries.DataModifyQuery.executeDatabaseQuery(DataModifyQuery.java:88)
	at org.eclipse.persistence.queries.DatabaseQuery.execute(DatabaseQuery.java:913)
	at org.eclipse.persistence.internal.sessions.AbstractSession.internalExecuteQuery(AbstractSession.java:3308)
	at org.eclipse.persistence.internal.sessions.AbstractSession.executeQuery(AbstractSession.java:1841)
	at org.eclipse.persistence.internal.sessions.AbstractSession.executeQuery(AbstractSession.java:1823)
	at org.eclipse.persistence.internal.sessions.AbstractSession.executeQuery(AbstractSession.java:1773)
	at org.eclipse.persistence.internal.sessions.AbstractSession.priviledgedExecuteNonSelectingCall(AbstractSession.java:5055)
	at org.eclipse.persistence.tools.schemaframework.TableDefinition.createForeignConstraintsOnDatabase(TableDefinition.java:896)
	at org.eclipse.persistence.tools.schemaframework.SchemaManager.createForeignConstraints(SchemaManager.java:195)
	at org.eclipse.persistence.tools.schemaframework.TableCreator.createConstraints(TableCreator.java:128)
	at org.eclipse.persistence.tools.schemaframework.TableCreator.createConstraints(TableCreator.java:105)
	at org.eclipse.persistence.tools.schemaframework.TableCreator.extendTables(TableCreator.java:575)
	at org.eclipse.persistence.tools.schemaframework.TableCreator.extendTablesAndConstraints(TableCreator.java:442)
	at org.eclipse.persistence.tools.schemaframework.TableCreator.extendTables(TableCreator.java:433)
	at org.eclipse.persistence.tools.schemaframework.SchemaManager.extendDefaultTables(SchemaManager.java:1191)
	at org.eclipse.persistence.internal.jpa.EntityManagerFactoryProvider.generateDefaultTables(EntityManagerFactoryProvider.java:122)
	at org.eclipse.persistence.internal.jpa.EntityManagerSetupImpl.writeDDLToDatabase(EntityManagerSetupImpl.java:4731)
	at org.eclipse.persistence.internal.jpa.EntityManagerSetupImpl.writeMetadataDDLToDatabase(EntityManagerSetupImpl.java:4798)
	at org.eclipse.persistence.internal.jpa.EntityManagerSetupImpl.writeDDL(EntityManagerSetupImpl.java:4697)
	at org.eclipse.persistence.internal.jpa.EntityManagerSetupImpl.writeDDL(EntityManagerSetupImpl.java:4572)
	at org.eclipse.persistence.internal.jpa.EntityManagerSetupImpl.deploy(EntityManagerSetupImpl.java:816)
	at org.eclipse.persistence.internal.jpa.EntityManagerFactoryDelegate.getAbstractSession(EntityManagerFactoryDelegate.java:221)
	at org.eclipse.persistence.internal.jpa.EntityManagerFactoryDelegate.getDatabaseSession(EntityManagerFactoryDelegate.java:199)
	at org.eclipse.persistence.internal.jpa.EntityManagerFactoryImpl.getDatabaseSession(EntityManagerFactoryImpl.java:534)
	at org.eclipse.persistence.jpa.PersistenceProvider.createContainerEntityManagerFactoryImpl(PersistenceProvider.java:385)
	at org.eclipse.persistence.jpa.PersistenceProvider.createContainerEntityManagerFactory(PersistenceProvider.java:313)
	at org.glassfish.persistence.jpa.PersistenceUnitLoader.loadPU(PersistenceUnitLoader.java:222)
	at org.glassfish.persistence.jpa.PersistenceUnitLoader.<init>(PersistenceUnitLoader.java:126)
	at org.glassfish.persistence.jpa.JPADeployer$1.visitPUD(JPADeployer.java:318)
	at org.glassfish.persistence.jpa.JPADeployer$PersistenceUnitDescriptorIterator.iteratePUDs(JPADeployer.java:545)
	at org.glassfish.persistence.jpa.JPADeployer.createEMFs(JPADeployer.java:325)
	at org.glassfish.persistence.jpa.JPADeployer.prepare(JPADeployer.java:168)
	at com.sun.enterprise.v3.server.ApplicationLifecycle.prepareModule(ApplicationLifecycle.java:984)
	at com.sun.enterprise.v3.server.ApplicationLifecycle.deploy(ApplicationLifecycle.java:467)
	at com.sun.enterprise.v3.server.ApplicationLifecycle.deploy(ApplicationLifecycle.java:257)
	at org.glassfish.deployment.admin.DeployCommand.execute(DeployCommand.java:471)
	at com.sun.enterprise.v3.admin.CommandRunnerImpl$2$1.run(CommandRunnerImpl.java:569)
	at com.sun.enterprise.v3.admin.CommandRunnerImpl$2$1.run(CommandRunnerImpl.java:565)
	at java.base/java.security.AccessController.doPrivileged(AccessController.java:400)
	at java.base/javax.security.auth.Subject.doAs(Subject.java:453)
	at com.sun.enterprise.v3.admin.CommandRunnerImpl$2.execute(CommandRunnerImpl.java:564)
	at com.sun.enterprise.v3.admin.CommandRunnerImpl$3.run(CommandRunnerImpl.java:595)
	at com.sun.enterprise.v3.admin.CommandRunnerImpl$3.run(CommandRunnerImpl.java:587)
	at java.base/java.security.AccessController.doPrivileged(AccessController.java:400)
	at java.base/javax.security.auth.Subject.doAs(Subject.java:453)
	at com.sun.enterprise.v3.admin.CommandRunnerImpl.doCommand(CommandRunnerImpl.java:586)
	at com.sun.enterprise.v3.admin.CommandRunnerImpl.doCommand(CommandRunnerImpl.java:1477)
	at com.sun.enterprise.v3.admin.CommandRunnerImpl$ExecutionContext.execute(CommandRunnerImpl.java:1846)
	at com.sun.enterprise.v3.admin.CommandRunnerImpl$ExecutionContext.execute(CommandRunnerImpl.java:1722)
	at com.sun.enterprise.v3.admin.AdminAdapter.doCommand(AdminAdapter.java:536)
	at com.sun.enterprise.v3.admin.AdminAdapter.onMissingResource(AdminAdapter.java:223)
	at org.glassfish.grizzly.http.server.StaticHttpHandlerBase.service(StaticHttpHandlerBase.java:150)
	at com.sun.enterprise.v3.services.impl.ContainerMapper$HttpHandlerCallable.call(ContainerMapper.java:425)
	at com.sun.enterprise.v3.services.impl.ContainerMapper.service(ContainerMapper.java:144)
	at org.glassfish.grizzly.http.server.HttpHandler.runService(HttpHandler.java:174)
	at org.glassfish.grizzly.http.server.HttpHandler.doHandle(HttpHandler.java:153)
	at org.glassfish.grizzly.http.server.HttpServerFilter.handleRead(HttpServerFilter.java:196)
	at org.glassfish.grizzly.filterchain.ExecutorResolver$9.execute(ExecutorResolver.java:88)
	at org.glassfish.grizzly.filterchain.DefaultFilterChain.executeFilter(DefaultFilterChain.java:246)
	at org.glassfish.grizzly.filterchain.DefaultFilterChain.executeChainPart(DefaultFilterChain.java:178)
	at org.glassfish.grizzly.filterchain.DefaultFilterChain.execute(DefaultFilterChain.java:118)
	at org.glassfish.grizzly.filterchain.DefaultFilterChain.process(DefaultFilterChain.java:96)
	at org.glassfish.grizzly.ProcessorExecutor.execute(ProcessorExecutor.java:51)
	at org.glassfish.grizzly.nio.transport.TCPNIOTransport.fireIOEvent(TCPNIOTransport.java:510)
	at org.glassfish.grizzly.strategies.AbstractIOStrategy.fireIOEvent(AbstractIOStrategy.java:82)
	at org.glassfish.grizzly.strategies.WorkerThreadIOStrategy.run0(WorkerThreadIOStrategy.java:83)
	at org.glassfish.grizzly.strategies.WorkerThreadIOStrategy$WorkerThreadRunnable.run(WorkerThreadIOStrategy.java:101)
	at org.glassfish.grizzly.threadpool.AbstractThreadPool$Worker.doWork(AbstractThreadPool.java:535)
	at org.glassfish.grizzly.threadpool.AbstractThreadPool$Worker.run(AbstractThreadPool.java:515)
	at java.base/java.lang.Thread.run(Thread.java:1583)
Caused by: java.sql.SQLException: Duplicate foreign key constraint name 'FK_USERDETAILS_username'
	at com.mysql.cj.jdbc.exceptions.SQLError.createSQLException(SQLError.java:130)
	at com.mysql.cj.jdbc.exceptions.SQLExceptionsMapping.translateException(SQLExceptionsMapping.java:122)
	at com.mysql.cj.jdbc.ClientPreparedStatement.executeInternal(ClientPreparedStatement.java:916)
	at com.mysql.cj.jdbc.ClientPreparedStatement.executeUpdateInternal(ClientPreparedStatement.java:1061)
	at com.mysql.cj.jdbc.ClientPreparedStatement.executeUpdateInternal(ClientPreparedStatement.java:1009)
	at com.mysql.cj.jdbc.ClientPreparedStatement.executeLargeUpdate(ClientPreparedStatement.java:1320)
	at com.mysql.cj.jdbc.ClientPreparedStatement.executeUpdate(ClientPreparedStatement.java:994)
	at com.sun.gjc.spi.base.PreparedStatementWrapper.executeUpdate(PreparedStatementWrapper.java:112)
	at org.eclipse.persistence.internal.databaseaccess.DatabaseAccessor.executeDirectNoSelect(DatabaseAccessor.java:909)
	... 79 more
]]

[2024-05-11T14:35:42.273369+03:00] [GF 7.0.14] [INFO] [] [org.glassfish.web.loader.WebappClassLoader] [tid: _ThreadID=63 _ThreadName=admin-listener(3)] [levelValue: 800] [[
  close(), this:
org.glassfish.web.loader.WebappClassLoader@2e29ef85[name=unknown], urls=[
file:/Users/razvangata/Documents/Licenta/DayDoodle/target/DayDoodle-1.0-SNAPSHOT/WEB-INF/classes/
file:/Users/razvangata/glassfish7/glassfish/domains/domain1/generated/ejb/DayDoodle-1.0-SNAPSHOT/
][delegate=true, context=unknown, status=RUNNING, antiJARLocking=false, securityManager=false, packageDefinitionSecurityEnabled=false, repositories=RepositoryManager[WEB-INF/classes/], notFound.size=45, pathTimestamps.size=8, resourceEntryCache.size=8]]]

[2024-05-11T14:35:42.311201+03:00] [GF 7.0.14] [INFO] [AS-EJB-00054] [jakarta.enterprise.ejb.container] [tid: _ThreadID=63 _ThreadName=admin-listener(3)] [levelValue: 800] [[
  Portable JNDI names for EJB UserDetailsBean: [java:global/DayDoodle-1.0-SNAPSHOT/UserDetailsBean!com.daydoodle.daydoodle.ejb.UserDetailsBean, java:global/DayDoodle-1.0-SNAPSHOT/UserDetailsBean]]]

[2024-05-11T14:35:42.322358+03:00] [GF 7.0.14] [INFO] [AS-EJB-00054] [jakarta.enterprise.ejb.container] [tid: _ThreadID=63 _ThreadName=admin-listener(3)] [levelValue: 800] [[
  Portable JNDI names for EJB UserBean: [java:global/DayDoodle-1.0-SNAPSHOT/UserBean!com.daydoodle.daydoodle.ejb.UserBean, java:global/DayDoodle-1.0-SNAPSHOT/UserBean]]]

[2024-05-11T14:35:42.327761+03:00] [GF 7.0.14] [INFO] [] [org.jboss.weld.Version] [tid: _ThreadID=63 _ThreadName=admin-listener(3)] [levelValue: 800] [[
  WELD-000900: 5.1.2 (Final)]]

[2024-05-11T14:35:42.517103+03:00] [GF 7.0.14] [INFO] [] [org.jboss.weld.Event] [tid: _ThreadID=63 _ThreadName=admin-listener(3)] [levelValue: 800] [[
  WELD-000411: Observer method [BackedAnnotatedMethod] public org.glassfish.jersey.ext.cdi1x.internal.ProcessAllAnnotatedTypes.processAnnotatedType(@Observes ProcessAnnotatedType<?>, BeanManager) receives events for all annotated types. Consider restricting events using @WithAnnotations or a generic type with bounds.]]

[2024-05-11T14:35:42.835143+03:00] [GF 7.0.14] [INFO] [] [org.glassfish.soteria.servlet.SamRegistrationInstaller] [tid: _ThreadID=63 _ThreadName=admin-listener(3)] [levelValue: 800] [[
  Initializing Soteria 3.0.3 for context '/DayDoodle-1.0-SNAPSHOT']]

[2024-05-11T14:35:42.842740+03:00] [GF 7.0.14] [INFO] [AS-WEB-GLUE-00172] [jakarta.enterprise.web] [tid: _ThreadID=63 _ThreadName=admin-listener(3)] [levelValue: 800] [[
  Loading application [DayDoodle-1.0-SNAPSHOT] at [/DayDoodle-1.0-SNAPSHOT]]]

[2024-05-11T14:35:42.873049+03:00] [GF 7.0.14] [INFO] [] [jakarta.enterprise.system.core] [tid: _ThreadID=63 _ThreadName=admin-listener(3)] [levelValue: 800] [[
  DayDoodle-1.0-SNAPSHOT was successfully deployed in 1,965 milliseconds.]]

[2024-05-11T14:35:46.034695+03:00] [GF 7.0.14] [INFO] [] [com.daydoodle.daydoodle.servlets.Register] [tid: _ThreadID=51 _ThreadName=http-listener-1(5)] [levelValue: 800] [[
  
 Entered Register.doGet method 
]]

[2024-05-11T14:35:46.035180+03:00] [GF 7.0.14] [INFO] [] [com.daydoodle.daydoodle.servlets.Register] [tid: _ThreadID=51 _ThreadName=http-listener-1(5)] [levelValue: 800] [[
  
 Exited Register.doGet method, redirecting to register.jsp 
]]

[2024-05-11T14:35:56.138927+03:00] [GF 7.0.14] [INFO] [] [com.daydoodle.daydoodle.servlets.Register] [tid: _ThreadID=50 _ThreadName=http-listener-1(4)] [levelValue: 800] [[
  
 Entered Register.doPost method 
]]

[2024-05-11T14:35:56.162673+03:00] [GF 7.0.14] [INFO] [] [com.daydoodle.daydoodle.ejb.UserBean] [tid: _ThreadID=50 _ThreadName=http-listener-1(4)] [levelValue: 800] [[
  
 Entered findAllUsers method 
]]

[2024-05-11T14:35:56.233638+03:00] [GF 7.0.14] [INFO] [] [com.daydoodle.daydoodle.ejb.UserBean] [tid: _ThreadID=50 _ThreadName=http-listener-1(4)] [levelValue: 800] [[
  
 Exited findAllUsers method 
]]

[2024-05-11T14:35:56.233953+03:00] [GF 7.0.14] [INFO] [] [com.daydoodle.daydoodle.ejb.UserBean] [tid: _ThreadID=50 _ThreadName=http-listener-1(4)] [levelValue: 800] [[
  
 Entered copyUsersToDto method with list size: 2 
]]

[2024-05-11T14:35:56.234081+03:00] [GF 7.0.14] [INFO] [] [com.daydoodle.daydoodle.ejb.UserBean] [tid: _ThreadID=50 _ThreadName=http-listener-1(4)] [levelValue: 800] [[
  
 Exited copyUsersToDto method. 
]]

[2024-05-11T14:35:56.267578+03:00] [GF 7.0.14] [INFO] [] [com.daydoodle.daydoodle.servlets.Register] [tid: _ThreadID=50 _ThreadName=http-listener-1(4)] [levelValue: 800] [[
  
 Exited Register.doPost method, redirecting to login page 
]]

[2024-05-11T14:36:00.593136+03:00] [GF 7.0.14] [WARNING] [] [com.sun.web.security.RealmAdapter] [tid: _ThreadID=47 _ThreadName=http-listener-1(1)] [levelValue: 900] [[
  WEB9102: Web Login Failed
com.sun.enterprise.security.auth.login.common.LoginException: Login failed: Failed jdbc login for t3.
	at com.sun.enterprise.security.auth.login.LoginContextDriver.doPasswordLogin(LoginContextDriver.java:332)
	at com.sun.enterprise.security.auth.login.LoginContextDriver.login(LoginContextDriver.java:200)
	at com.sun.enterprise.security.auth.login.LoginContextDriver.login(LoginContextDriver.java:129)
	at com.sun.web.security.RealmAdapter.authenticate(RealmAdapter.java:774)
	at com.sun.web.security.RealmAdapter.authenticate(RealmAdapter.java:500)
	at org.apache.catalina.authenticator.FormAuthenticator.authenticate(FormAuthenticator.java:214)
	at org.apache.catalina.authenticator.AuthenticatorBase.processSecurityCheck(AuthenticatorBase.java:763)
	at org.apache.catalina.authenticator.AuthenticatorBase.invoke(AuthenticatorBase.java:419)
	at org.apache.catalina.core.StandardPipeline.doInvoke(StandardPipeline.java:530)
	at org.apache.catalina.core.StandardPipeline.invoke(StandardPipeline.java:504)
	at com.sun.enterprise.web.WebPipeline.invoke(WebPipeline.java:71)
	at org.apache.catalina.core.StandardHostValve.invoke(StandardHostValve.java:121)
	at org.apache.catalina.connector.CoyoteAdapter.doService(CoyoteAdapter.java:293)
	at org.apache.catalina.connector.CoyoteAdapter.service(CoyoteAdapter.java:186)
	at com.sun.enterprise.v3.services.impl.ContainerMapper$HttpHandlerCallable.call(ContainerMapper.java:425)
	at com.sun.enterprise.v3.services.impl.ContainerMapper.service(ContainerMapper.java:144)
	at org.glassfish.grizzly.http.server.HttpHandler.runService(HttpHandler.java:174)
	at org.glassfish.grizzly.http.server.HttpHandler.doHandle(HttpHandler.java:153)
	at org.glassfish.grizzly.http.server.HttpServerFilter.handleRead(HttpServerFilter.java:196)
	at org.glassfish.grizzly.filterchain.ExecutorResolver$9.execute(ExecutorResolver.java:88)
	at org.glassfish.grizzly.filterchain.DefaultFilterChain.executeFilter(DefaultFilterChain.java:246)
	at org.glassfish.grizzly.filterchain.DefaultFilterChain.executeChainPart(DefaultFilterChain.java:178)
	at org.glassfish.grizzly.filterchain.DefaultFilterChain.execute(DefaultFilterChain.java:118)
	at org.glassfish.grizzly.filterchain.DefaultFilterChain.process(DefaultFilterChain.java:96)
	at org.glassfish.grizzly.ProcessorExecutor.execute(ProcessorExecutor.java:51)
	at org.glassfish.grizzly.nio.transport.TCPNIOTransport.fireIOEvent(TCPNIOTransport.java:510)
	at org.glassfish.grizzly.strategies.AbstractIOStrategy.fireIOEvent(AbstractIOStrategy.java:82)
	at org.glassfish.grizzly.strategies.WorkerThreadIOStrategy.run0(WorkerThreadIOStrategy.java:83)
	at org.glassfish.grizzly.strategies.WorkerThreadIOStrategy$WorkerThreadRunnable.run(WorkerThreadIOStrategy.java:101)
	at org.glassfish.grizzly.threadpool.AbstractThreadPool$Worker.doWork(AbstractThreadPool.java:535)
	at org.glassfish.grizzly.threadpool.AbstractThreadPool$Worker.run(AbstractThreadPool.java:515)
	at java.base/java.lang.Thread.run(Thread.java:1583)
Caused by: javax.security.auth.login.LoginException: Failed jdbc login for t3.
	at com.sun.enterprise.security.ee.authentication.glassfish.jdbc.JDBCLoginModule.authenticateUser(JDBCLoginModule.java:53)
	at com.sun.enterprise.security.BasePasswordLoginModule.login(BasePasswordLoginModule.java:110)
	at java.base/javax.security.auth.login.LoginContext.invoke(LoginContext.java:754)
	at java.base/javax.security.auth.login.LoginContext$4.run(LoginContext.java:678)
	at java.base/javax.security.auth.login.LoginContext$4.run(LoginContext.java:676)
	at java.base/java.security.AccessController.doPrivileged(AccessController.java:714)
	at java.base/javax.security.auth.login.LoginContext.invokePriv(LoginContext.java:676)
	at java.base/javax.security.auth.login.LoginContext.login(LoginContext.java:587)
	at com.sun.enterprise.security.auth.login.LoginContextDriver.doPasswordLogin(LoginContextDriver.java:322)
	... 31 more
]]

[2024-05-11T14:36:00.602165+03:00] [GF 7.0.14] [INFO] [] [com.daydoodle.daydoodle.servlets.Login] [tid: _ThreadID=47 _ThreadName=http-listener-1(1)] [levelValue: 800] [[
  
 Entered Login.doPost method 
]]

[2024-05-11T14:36:00.602946+03:00] [GF 7.0.14] [INFO] [] [com.daydoodle.daydoodle.ejb.UserBean] [tid: _ThreadID=47 _ThreadName=http-listener-1(1)] [levelValue: 800] [[
  
 Entered findAllUsers method 
]]

[2024-05-11T14:36:00.605701+03:00] [GF 7.0.14] [INFO] [] [com.daydoodle.daydoodle.ejb.UserBean] [tid: _ThreadID=47 _ThreadName=http-listener-1(1)] [levelValue: 800] [[
  
 Exited findAllUsers method 
]]

[2024-05-11T14:36:00.605837+03:00] [GF 7.0.14] [INFO] [] [com.daydoodle.daydoodle.ejb.UserBean] [tid: _ThreadID=47 _ThreadName=http-listener-1(1)] [levelValue: 800] [[
  
 Entered copyUsersToDto method with list size: 3 
]]

[2024-05-11T14:36:00.605931+03:00] [GF 7.0.14] [INFO] [] [com.daydoodle.daydoodle.ejb.UserBean] [tid: _ThreadID=47 _ThreadName=http-listener-1(1)] [levelValue: 800] [[
  
 Exited copyUsersToDto method. 
]]

[2024-05-11T14:36:00.606926+03:00] [GF 7.0.14] [INFO] [] [com.daydoodle.daydoodle.ejb.UserBean] [tid: _ThreadID=47 _ThreadName=http-listener-1(1)] [levelValue: 800] [[
  
 Entered findUserByUsername method with the username: t3 
]]

[2024-05-11T14:36:00.607064+03:00] [GF 7.0.14] [INFO] [] [com.daydoodle.daydoodle.ejb.UserBean] [tid: _ThreadID=47 _ThreadName=http-listener-1(1)] [levelValue: 800] [[
  
 Exited findUserByUsername method. 
]]

[2024-05-11T14:36:00.607319+03:00] [GF 7.0.14] [INFO] [] [com.daydoodle.daydoodle.ejb.UserBean] [tid: _ThreadID=47 _ThreadName=http-listener-1(1)] [levelValue: 800] [[
  
 Entered setFirstLoginFalse, user:t3 
]]

[2024-05-11T14:36:00.609193+03:00] [GF 7.0.14] [INFO] [] [com.daydoodle.daydoodle.ejb.UserBean] [tid: _ThreadID=47 _ThreadName=http-listener-1(1)] [levelValue: 800] [[
  
 Exited setFirstLoginFalse method. 
]]

[2024-05-11T14:36:00.616688+03:00] [GF 7.0.14] [INFO] [] [com.daydoodle.daydoodle.servlets.Login] [tid: _ThreadID=47 _ThreadName=http-listener-1(1)] [levelValue: 800] [[
  
 Exited Login.doPost method, redirecting to Feed servlet 
]]

[2024-05-11T14:36:00.634209+03:00] [GF 7.0.14] [INFO] [] [com.daydoodle.daydoodle.servlets.UpdateUserDetails] [tid: _ThreadID=51 _ThreadName=http-listener-1(5)] [levelValue: 800] [[
  
 Entered UpdateUserDetails.doGet 
]]

[2024-05-11T14:36:00.634342+03:00] [GF 7.0.14] [INFO] [] [com.daydoodle.daydoodle.servlets.UpdateUserDetails] [tid: _ThreadID=51 _ThreadName=http-listener-1(5)] [levelValue: 800] [[
  
 Exited UpdateUserDetails.doGet, redirecting to updateUserDetails.jsp 
]]

[2024-05-11T14:36:13.873276+03:00] [GF 7.0.14] [INFO] [] [com.daydoodle.daydoodle.servlets.Logout] [tid: _ThreadID=48 _ThreadName=http-listener-1(2)] [levelValue: 800] [[
  
 Entered Logout.doGet, logging out...null 
]]

[2024-05-11T14:36:13.883212+03:00] [GF 7.0.14] [INFO] [] [com.daydoodle.daydoodle.servlets.Logout] [tid: _ThreadID=48 _ThreadName=http-listener-1(2)] [levelValue: 800] [[
  
 Exited Logout.doGet, redirecting to Login servlet
]]

[2024-05-11T14:36:13.895789+03:00] [GF 7.0.14] [INFO] [] [com.daydoodle.daydoodle.servlets.Login] [tid: _ThreadID=47 _ThreadName=http-listener-1(1)] [levelValue: 800] [[
  
 Entered Login.doGet method 
]]

[2024-05-11T14:36:13.896081+03:00] [GF 7.0.14] [INFO] [] [com.daydoodle.daydoodle.servlets.Login] [tid: _ThreadID=47 _ThreadName=http-listener-1(1)] [levelValue: 800] [[
  
 Exited Login.doGet method 
]]

[2024-05-11T14:36:18.367636+03:00] [GF 7.0.14] [WARNING] [] [com.sun.web.security.RealmAdapter] [tid: _ThreadID=49 _ThreadName=http-listener-1(3)] [levelValue: 900] [[
  WEB9102: Web Login Failed
com.sun.enterprise.security.auth.login.common.LoginException: Login failed: Failed jdbc login for t3.
	at com.sun.enterprise.security.auth.login.LoginContextDriver.doPasswordLogin(LoginContextDriver.java:332)
	at com.sun.enterprise.security.auth.login.LoginContextDriver.login(LoginContextDriver.java:200)
	at com.sun.enterprise.security.auth.login.LoginContextDriver.login(LoginContextDriver.java:129)
	at com.sun.web.security.RealmAdapter.authenticate(RealmAdapter.java:774)
	at com.sun.web.security.RealmAdapter.authenticate(RealmAdapter.java:500)
	at org.apache.catalina.authenticator.FormAuthenticator.authenticate(FormAuthenticator.java:214)
	at org.apache.catalina.authenticator.AuthenticatorBase.processSecurityCheck(AuthenticatorBase.java:763)
	at org.apache.catalina.authenticator.AuthenticatorBase.invoke(AuthenticatorBase.java:419)
	at org.apache.catalina.core.StandardPipeline.doInvoke(StandardPipeline.java:530)
	at org.apache.catalina.core.StandardPipeline.invoke(StandardPipeline.java:504)
	at com.sun.enterprise.web.WebPipeline.invoke(WebPipeline.java:71)
	at org.apache.catalina.core.StandardHostValve.invoke(StandardHostValve.java:121)
	at org.apache.catalina.connector.CoyoteAdapter.doService(CoyoteAdapter.java:293)
	at org.apache.catalina.connector.CoyoteAdapter.service(CoyoteAdapter.java:186)
	at com.sun.enterprise.v3.services.impl.ContainerMapper$HttpHandlerCallable.call(ContainerMapper.java:425)
	at com.sun.enterprise.v3.services.impl.ContainerMapper.service(ContainerMapper.java:144)
	at org.glassfish.grizzly.http.server.HttpHandler.runService(HttpHandler.java:174)
	at org.glassfish.grizzly.http.server.HttpHandler.doHandle(HttpHandler.java:153)
	at org.glassfish.grizzly.http.server.HttpServerFilter.handleRead(HttpServerFilter.java:196)
	at org.glassfish.grizzly.filterchain.ExecutorResolver$9.execute(ExecutorResolver.java:88)
	at org.glassfish.grizzly.filterchain.DefaultFilterChain.executeFilter(DefaultFilterChain.java:246)
	at org.glassfish.grizzly.filterchain.DefaultFilterChain.executeChainPart(DefaultFilterChain.java:178)
	at org.glassfish.grizzly.filterchain.DefaultFilterChain.execute(DefaultFilterChain.java:118)
	at org.glassfish.grizzly.filterchain.DefaultFilterChain.process(DefaultFilterChain.java:96)
	at org.glassfish.grizzly.ProcessorExecutor.execute(ProcessorExecutor.java:51)
	at org.glassfish.grizzly.nio.transport.TCPNIOTransport.fireIOEvent(TCPNIOTransport.java:510)
	at org.glassfish.grizzly.strategies.AbstractIOStrategy.fireIOEvent(AbstractIOStrategy.java:82)
	at org.glassfish.grizzly.strategies.WorkerThreadIOStrategy.run0(WorkerThreadIOStrategy.java:83)
	at org.glassfish.grizzly.strategies.WorkerThreadIOStrategy$WorkerThreadRunnable.run(WorkerThreadIOStrategy.java:101)
	at org.glassfish.grizzly.threadpool.AbstractThreadPool$Worker.doWork(AbstractThreadPool.java:535)
	at org.glassfish.grizzly.threadpool.AbstractThreadPool$Worker.run(AbstractThreadPool.java:515)
	at java.base/java.lang.Thread.run(Thread.java:1583)
Caused by: javax.security.auth.login.LoginException: Failed jdbc login for t3.
	at com.sun.enterprise.security.ee.authentication.glassfish.jdbc.JDBCLoginModule.authenticateUser(JDBCLoginModule.java:53)
	at com.sun.enterprise.security.BasePasswordLoginModule.login(BasePasswordLoginModule.java:110)
	at java.base/javax.security.auth.login.LoginContext.invoke(LoginContext.java:754)
	at java.base/javax.security.auth.login.LoginContext$4.run(LoginContext.java:678)
	at java.base/javax.security.auth.login.LoginContext$4.run(LoginContext.java:676)
	at java.base/java.security.AccessController.doPrivileged(AccessController.java:714)
	at java.base/javax.security.auth.login.LoginContext.invokePriv(LoginContext.java:676)
	at java.base/javax.security.auth.login.LoginContext.login(LoginContext.java:587)
	at com.sun.enterprise.security.auth.login.LoginContextDriver.doPasswordLogin(LoginContextDriver.java:322)
	... 31 more
]]

[2024-05-11T14:36:18.370963+03:00] [GF 7.0.14] [INFO] [] [com.daydoodle.daydoodle.servlets.Login] [tid: _ThreadID=49 _ThreadName=http-listener-1(3)] [levelValue: 800] [[
  
 Entered Login.doPost method 
]]

[2024-05-11T14:36:18.379952+03:00] [GF 7.0.14] [INFO] [] [com.daydoodle.daydoodle.ejb.UserBean] [tid: _ThreadID=49 _ThreadName=http-listener-1(3)] [levelValue: 800] [[
  
 Entered findAllUsers method 
]]

[2024-05-11T14:36:18.385108+03:00] [GF 7.0.14] [INFO] [] [com.daydoodle.daydoodle.ejb.UserBean] [tid: _ThreadID=49 _ThreadName=http-listener-1(3)] [levelValue: 800] [[
  
 Exited findAllUsers method 
]]

[2024-05-11T14:36:18.385670+03:00] [GF 7.0.14] [INFO] [] [com.daydoodle.daydoodle.ejb.UserBean] [tid: _ThreadID=49 _ThreadName=http-listener-1(3)] [levelValue: 800] [[
  
 Entered copyUsersToDto method with list size: 3 
]]

[2024-05-11T14:36:18.385891+03:00] [GF 7.0.14] [INFO] [] [com.daydoodle.daydoodle.ejb.UserBean] [tid: _ThreadID=49 _ThreadName=http-listener-1(3)] [levelValue: 800] [[
  
 Exited copyUsersToDto method. 
]]

[2024-05-11T14:36:18.386760+03:00] [GF 7.0.14] [INFO] [] [com.daydoodle.daydoodle.ejb.UserBean] [tid: _ThreadID=49 _ThreadName=http-listener-1(3)] [levelValue: 800] [[
  
 Entered findUserByUsername method with the username: t3 
]]

[2024-05-11T14:36:18.387064+03:00] [GF 7.0.14] [INFO] [] [com.daydoodle.daydoodle.ejb.UserBean] [tid: _ThreadID=49 _ThreadName=http-listener-1(3)] [levelValue: 800] [[
  
 Exited findUserByUsername method. 
]]

[2024-05-11T14:36:18.387480+03:00] [GF 7.0.14] [INFO] [] [com.daydoodle.daydoodle.servlets.Login] [tid: _ThreadID=49 _ThreadName=http-listener-1(3)] [levelValue: 800] [[
  
 Exited Login.doPost method, redirecting to Feed servlet 
]]

[2024-05-11T14:36:18.401459+03:00] [GF 7.0.14] [INFO] [] [com.daydoodle.daydoodle.servlets.Feed] [tid: _ThreadID=50 _ThreadName=http-listener-1(4)] [levelValue: 800] [[
  
 Entered Feed.doGet 
]]

[2024-05-11T14:36:18.401753+03:00] [GF 7.0.14] [INFO] [] [com.daydoodle.daydoodle.servlets.Feed] [tid: _ThreadID=50 _ThreadName=http-listener-1(4)] [levelValue: 800] [[
  
 Exited Feed.doGet, redirecting to feed.jsp 
]]

[2024-05-11T14:37:26.199065+03:00] [GF 7.0.14] [INFO] [] [org.glassfish.web.loader.WebappClassLoader] [tid: _ThreadID=61 _ThreadName=admin-listener(1)] [levelValue: 800] [[
  close(), this:
org.glassfish.web.loader.WebappClassLoader@5959431a[name=/DayDoodle-1.0-SNAPSHOT], urls=[
file:/Users/razvangata/Documents/Licenta/DayDoodle/target/DayDoodle-1.0-SNAPSHOT/WEB-INF/classes/
file:/Users/razvangata/glassfish7/glassfish/domains/domain1/generated/ejb/DayDoodle-1.0-SNAPSHOT/
][delegate=true, context=/DayDoodle-1.0-SNAPSHOT, status=RUNNING, antiJARLocking=false, securityManager=false, packageDefinitionSecurityEnabled=false, repositories=RepositoryManager[WEB-INF/classes/], notFound.size=85, pathTimestamps.size=26, resourceEntryCache.size=26]]]

[2024-05-11T14:37:26.854222+03:00] [GF 7.0.14] [INFO] [NCLS-REST-00001] [jakarta.enterprise.admin.rest] [tid: _ThreadID=62 _ThreadName=admin-listener(2)] [levelValue: 800] [[
  Listening to REST requests at context: /command/domain.]]

[2024-05-11T14:37:26.888825+03:00] [GF 7.0.14] [INFO] [NCLS-CORE-00092] [jakarta.enterprise.system.core] [tid: _ThreadID=170 _ThreadName=Thread-30] [levelValue: 800] [[
  Server shutdown initiated]]

[2024-05-11T14:37:26.894892+03:00] [GF 7.0.14] [INFO] [NCLS-JMX-00002] [jakarta.enterprise.system.jmx] [tid: _ThreadID=170 _ThreadName=Thread-30] [levelValue: 800] [[
  JMXStartupService: Stopped JMXConnectorServer: null]]

[2024-05-11T14:37:26.895090+03:00] [GF 7.0.14] [INFO] [NCLS-JMX-00001] [jakarta.enterprise.system.jmx] [tid: _ThreadID=170 _ThreadName=Thread-30] [levelValue: 800] [[
  JMXStartupService and JMXConnectors have been shut down.]]

[2024-05-11T14:37:26.919715+03:00] [GF 7.0.14] [INFO] [ra.stop-successful] [jakarta.enterprise.resource.resourceadapter.com.sun.enterprise.connectors.service] [tid: _ThreadID=177 _ThreadName=Thread-36] [levelValue: 800] [[
  RAR7094: __ds_jdbc_ra shutdown successful.]]

[2024-05-11T14:37:26.920726+03:00] [GF 7.0.14] [INFO] [NCLS-CORE-00013] [jakarta.enterprise.system.core] [tid: _ThreadID=170 _ThreadName=Thread-30] [levelValue: 800] [[
  Shutdown procedure finished]]

[2024-05-11T14:37:36.581143+03:00] [] [INFO] [NCLS-GFLAUNCHER-00005] [jakarta.enterprise.launcher] [tid: _ThreadID=1 _ThreadName=main] [levelValue: 800] [[
  JVM invocation command line:
/Users/razvangata/Library/Java/JavaVirtualMachines/corretto-21.0.3/Contents/Home/bin/java
-cp
/Users/razvangata/glassfish7/glassfish/modules/glassfish.jar
-DWALL_CLOCK_START=2024-05-11T11:37:36.319802Z
-XX:+UnlockDiagnosticVMOptions
-XX:NewRatio=2
-Xmx512m
--add-opens=java.base/java.io=ALL-UNNAMED
--add-opens=java.base/java.lang=ALL-UNNAMED
--add-opens=java.base/java.util=ALL-UNNAMED
--add-opens=java.base/sun.net.www.protocol.jrt=ALL-UNNAMED
--add-opens=java.naming/javax.naming.spi=ALL-UNNAMED
--add-opens=java.rmi/sun.rmi.transport=ALL-UNNAMED
--add-opens=jdk.management/com.sun.management.internal=ALL-UNNAMED
--add-exports=java.naming/com.sun.jndi.ldap=ALL-UNNAMED
--add-exports=java.base/jdk.internal.vm.annotation=ALL-UNNAMED
--add-opens=java.base/jdk.internal.vm.annotation=ALL-UNNAMED
-javaagent:/Users/razvangata/glassfish7/glassfish/lib/monitor/flashlight-agent.jar
-Djava.awt.headless=true
-Djdk.corba.allowOutputStreamSubclass=true
-Djdk.tls.rejectClientInitiatedRenegotiation=true
-Djavax.xml.accessExternalSchema=all
-Djava.security.policy=/Users/razvangata/glassfish7/glassfish/domains/domain1/config/server.policy
-Djava.security.auth.login.config=/Users/razvangata/glassfish7/glassfish/domains/domain1/config/login.conf
-Dcom.sun.enterprise.security.httpsOutboundKeyAlias=s1as
-Djavax.net.ssl.keyStore=/Users/razvangata/glassfish7/glassfish/domains/domain1/config/keystore.jks
-Djavax.net.ssl.trustStore=/Users/razvangata/glassfish7/glassfish/domains/domain1/config/cacerts.jks
-Djdbc.drivers=org.apache.derby.jdbc.ClientDriver
-DANTLR_USE_DIRECT_CLASS_LOADING=true
-Dcom.sun.enterprise.config.config_environment_factory_class=com.sun.enterprise.config.serverbeans.AppserverConfigEnvironmentFactory
-Dorg.glassfish.additionalOSGiBundlesToStart=org.apache.felix.shell,org.apache.felix.gogo.runtime,org.apache.felix.gogo.shell,org.apache.felix.gogo.command,org.apache.felix.shell.remote,org.apache.felix.fileinstall
-Dosgi.shell.telnet.port=6666
-Dosgi.shell.telnet.maxconn=1
-Dosgi.shell.telnet.ip=127.0.0.1
-Dgosh.args=--nointeractive
-Dfelix.fileinstall.dir=/Users/razvangata/glassfish7/glassfish/modules/autostart/
-Dfelix.fileinstall.poll=5000
-Dfelix.fileinstall.log.level=2
-Dfelix.fileinstall.bundles.new.start=true
-Dfelix.fileinstall.bundles.startTransient=true
-Dfelix.fileinstall.disableConfigSave=false
-Dorg.glassfish.gmbal.no.multipleUpperBoundsException=true
-Dcom.ctc.wstx.returnNullForDefaultNamespace=true
-Djdk.attach.allowAttachSelf=true
-Dcom.sun.aas.instanceRoot=/Users/razvangata/glassfish7/glassfish/domains/domain1
-Dcom.sun.aas.installRoot=/Users/razvangata/glassfish7/glassfish
-Djava.library.path=/Users/razvangata/glassfish7/glassfish/lib:/Users/razvangata/Library/Java/Extensions:/Library/Java/Extensions:/Network/Library/Java/Extensions:/System/Library/Java/Extensions:/usr/lib/java:/Users/razvangata/glassfish7/glassfish/bin
com.sun.enterprise.glassfish.bootstrap.ASMain
-upgrade
false
-domaindir
/Users/razvangata/glassfish7/glassfish/domains/domain1
-read-stdin
true
-asadmin-args
--host,,,localhost,,,--port,,,4848,,,--secure=false,,,--terse=false,,,--echo=false,,,--interactive=true,,,start-domain,,,--verbose=false,,,--watchdog=false,,,--debug=false,,,--domaindir,,,/Users/razvangata/glassfish7/glassfish/domains,,,domain1
-domainname
domain1
-instancename
server
-type
DAS
-verbose
false
-asadmin-classpath
/Users/razvangata/glassfish7/glassfish/lib/client/appserver-cli.jar
-debug
false
-asadmin-classname
com.sun.enterprise.admin.cli.AdminMain]]

[2024-05-11T14:37:37.627419+03:00] [GF 7.0.14] [INFO] [] [com.sun.enterprise.server.logging.LogManagerService] [tid: _ThreadID=1 _ThreadName=main] [levelValue: 800] [[
  Using property file: /Users/razvangata/glassfish7/glassfish/domains/domain1/config/logging.properties]]

[2024-05-11T14:37:37.642166+03:00] [GF 7.0.14] [INFO] [NCLS-LOGGING-00009] [com.sun.enterprise.server.logging.LogManagerService] [tid: _ThreadID=1 _ThreadName=main] [levelValue: 800] [[
  Running GlassFish Version: Eclipse GlassFish 7.0.14 (commit: 70f1611614518af9c9251b33d7957c9878abe97f)]]

[2024-05-11T14:37:37.756613+03:00] [GF 7.0.14] [INFO] [NCLS-CORE-00087] [jakarta.enterprise.system.core] [tid: _ThreadID=1 _ThreadName=main] [levelValue: 800] [[
  Grizzly Framework 4.0.2 started in: 8 ms - bound to [/0.0.0.0:8080]]]

[2024-05-11T14:37:37.765347+03:00] [GF 7.0.14] [INFO] [NCLS-CORE-00087] [jakarta.enterprise.system.core] [tid: _ThreadID=1 _ThreadName=main] [levelValue: 800] [[
  Grizzly Framework 4.0.2 started in: 0 ms - bound to [/0.0.0.0:8181]]]

[2024-05-11T14:37:37.766638+03:00] [GF 7.0.14] [INFO] [NCLS-CORE-00087] [jakarta.enterprise.system.core] [tid: _ThreadID=1 _ThreadName=main] [levelValue: 800] [[
  Grizzly Framework 4.0.2 started in: 0 ms - bound to [/0.0.0.0:4848]]]

[2024-05-11T14:37:37.786715+03:00] [GF 7.0.14] [INFO] [SEC-SVCS-00100] [jakarta.enterprise.security.services] [tid: _ThreadID=1 _ThreadName=main] [levelValue: 800] [[
  Authorization Service has successfully initialized.]]

[2024-05-11T14:37:37.803995+03:00] [GF 7.0.14] [INFO] [NCLS-SECURITY-01115] [jakarta.enterprise.system.core.security] [tid: _ThreadID=1 _ThreadName=main] [levelValue: 800] [[
  Realm [admin-realm] of classtype [com.sun.enterprise.security.auth.realm.file.FileRealm] successfully created.]]

[2024-05-11T14:37:37.804600+03:00] [GF 7.0.14] [INFO] [NCLS-SECURITY-01115] [jakarta.enterprise.system.core.security] [tid: _ThreadID=1 _ThreadName=main] [levelValue: 800] [[
  Realm [file] of classtype [com.sun.enterprise.security.auth.realm.file.FileRealm] successfully created.]]

[2024-05-11T14:37:37.807051+03:00] [GF 7.0.14] [INFO] [NCLS-SECURITY-01115] [jakarta.enterprise.system.core.security] [tid: _ThreadID=1 _ThreadName=main] [levelValue: 800] [[
  Realm [certificate] of classtype [com.sun.enterprise.security.auth.realm.certificate.CertificateRealm] successfully created.]]

[2024-05-11T14:37:37.810720+03:00] [GF 7.0.14] [INFO] [NCLS-SECURITY-01115] [jakarta.enterprise.system.core.security] [tid: _ThreadID=1 _ThreadName=main] [levelValue: 800] [[
  Realm [jdbcRealm] of classtype [com.sun.enterprise.security.ee.authentication.glassfish.jdbc.JDBCRealm] successfully created.]]

[2024-05-11T14:37:37.854317+03:00] [GF 7.0.14] [INFO] [] [org.glassfish.ha.store.spi.BackingStoreFactoryRegistry] [tid: _ThreadID=1 _ThreadName=main] [levelValue: 800] [[
  Registered org.glassfish.ha.store.adapter.cache.ShoalBackingStoreProxy for persistence-type = replicated in BackingStoreFactoryRegistry]]

[2024-05-11T14:37:37.878641+03:00] [GF 7.0.14] [INFO] [NCLS-CORE-00087] [jakarta.enterprise.system.core] [tid: _ThreadID=1 _ThreadName=main] [levelValue: 800] [[
  Grizzly Framework 4.0.2 started in: 0 ms - bound to [/0.0.0.0:3700]]]

[2024-05-11T14:37:37.881057+03:00] [GF 7.0.14] [INFO] [NCLS-CORE-00017] [jakarta.enterprise.system.core] [tid: _ThreadID=1 _ThreadName=main] [levelValue: 800] [[
  Eclipse GlassFish 7.0.14 (commit: 70f1611614518af9c9251b33d7957c9878abe97f) startup time: Embedded (891 ms), startup services (279 ms), total (1,170 ms)]]

[2024-05-11T14:37:37.881814+03:00] [GF 7.0.14] [INFO] [NCLS-CORE-00018] [jakarta.enterprise.system.core] [tid: _ThreadID=1 _ThreadName=main] [levelValue: 800] [[
  Total startup time including CLI: 1,561 ms]]

[2024-05-11T14:37:37.962777+03:00] [GF 7.0.14] [INFO] [NCLS-JMX-00005] [jakarta.enterprise.system.jmx] [tid: _ThreadID=72 _ThreadName=Thread-6] [levelValue: 800] [[
  JMXStartupService has started JMXConnector on JMXService URL service:jmx:rmi://localhost:8686/jndi/rmi://localhost:8686/jmxrmi]]

[2024-05-11T14:37:37.996722+03:00] [GF 7.0.14] [INFO] [NCLS-CORE-00087] [jakarta.enterprise.system.core] [tid: _ThreadID=1 _ThreadName=main] [levelValue: 800] [[
  Grizzly Framework 4.0.2 started in: 0 ms - bound to [/0.0.0.0:7676]]]

[2024-05-11T14:37:38.569947+03:00] [GF 7.0.14] [INFO] [NCLS-SECURITY-01002] [jakarta.enterprise.system.core.security] [tid: _ThreadID=65 _ThreadName=admin-listener(5)] [levelValue: 800] [[
  Java security manager is disabled.]]

[2024-05-11T14:37:38.570237+03:00] [GF 7.0.14] [INFO] [NCLS-SECURITY-01010] [jakarta.enterprise.system.core.security] [tid: _ThreadID=65 _ThreadName=admin-listener(5)] [levelValue: 800] [[
  Entering Security Startup Service.]]

[2024-05-11T14:37:38.571473+03:00] [GF 7.0.14] [INFO] [NCLS-SECURITY-01143] [jakarta.enterprise.system.core.security] [tid: _ThreadID=65 _ThreadName=admin-listener(5)] [levelValue: 800] [[
  Loading policy provider org.glassfish.exousia.modules.locked.SimplePolicyProvider.]]

[2024-05-11T14:37:38.580259+03:00] [GF 7.0.14] [INFO] [NCLS-SECURITY-01011] [jakarta.enterprise.system.core.security] [tid: _ThreadID=65 _ThreadName=admin-listener(5)] [levelValue: 800] [[
  Security Service(s) started successfully.]]

[2024-05-11T14:37:38.658496+03:00] [GF 7.0.14] [INFO] [AS-WEB-GLUE-00198] [jakarta.enterprise.web] [tid: _ThreadID=65 _ThreadName=admin-listener(5)] [levelValue: 800] [[
  Created HTTP listener http-listener-1 on host/port 0.0.0.0:8080]]

[2024-05-11T14:37:38.659815+03:00] [GF 7.0.14] [INFO] [AS-WEB-GLUE-00198] [jakarta.enterprise.web] [tid: _ThreadID=65 _ThreadName=admin-listener(5)] [levelValue: 800] [[
  Created HTTP listener http-listener-2 on host/port 0.0.0.0:8181]]

[2024-05-11T14:37:38.660352+03:00] [GF 7.0.14] [INFO] [AS-WEB-GLUE-00198] [jakarta.enterprise.web] [tid: _ThreadID=65 _ThreadName=admin-listener(5)] [levelValue: 800] [[
  Created HTTP listener admin-listener on host/port 0.0.0.0:4848]]

[2024-05-11T14:37:38.669503+03:00] [GF 7.0.14] [INFO] [AS-WEB-GLUE-00200] [jakarta.enterprise.web] [tid: _ThreadID=65 _ThreadName=admin-listener(5)] [levelValue: 800] [[
  Created virtual server server]]

[2024-05-11T14:37:38.670396+03:00] [GF 7.0.14] [INFO] [AS-WEB-GLUE-00200] [jakarta.enterprise.web] [tid: _ThreadID=65 _ThreadName=admin-listener(5)] [levelValue: 800] [[
  Created virtual server __asadmin]]

[2024-05-11T14:37:38.731689+03:00] [GF 7.0.14] [INFO] [AS-WEB-CORE-00306] [jakarta.enterprise.web.core] [tid: _ThreadID=65 _ThreadName=admin-listener(5)] [levelValue: 800] [[
  Setting JAAS app name glassfish-web]]

[2024-05-11T14:37:38.731931+03:00] [GF 7.0.14] [INFO] [AS-WEB-GLUE-00201] [jakarta.enterprise.web] [tid: _ThreadID=65 _ThreadName=admin-listener(5)] [levelValue: 800] [[
  Virtual server server loaded default web module ]]

[2024-05-11T14:37:39.039998+03:00] [GF 7.0.14] [WARNING] [] [jakarta.enterprise.resource.resourceadapter.com.sun.enterprise.connectors.service] [tid: _ThreadID=65 _ThreadName=admin-listener(5)] [levelValue: 900] [[
  Probably the pool org.glassfish.resourcebase.resources.api.PoolInfo@5f2d2fce[jndiName=DayDoodleConnectionPool, applicationName=null, moduleName=null] is not yet initialized (lazy-loading), trying to check ...]]

[2024-05-11T14:37:39.056864+03:00] [GF 7.0.14] [WARNING] [using.default.ds] [jakarta.enterprise.resource.resourceadapter.org.glassfish.jdbc.util] [tid: _ThreadID=65 _ThreadName=admin-listener(5)] [levelValue: 900] [[
  RAR8068: Using default datasource: __ds_jdbc_ra for pool: DayDoodleConnectionPool]]

[2024-05-11T14:37:39.237788+03:00] [GF 7.0.14] [WARNING] [using.default.ds] [jakarta.enterprise.resource.resourceadapter.org.glassfish.jdbc.util] [tid: _ThreadID=65 _ThreadName=admin-listener(5)] [levelValue: 900] [[
  RAR8068: Using default datasource: __ds_jdbc_ra for pool: DayDoodleConnectionPool]]

[2024-05-11T14:37:39.254856+03:00] [GF 7.0.14] [INFO] [] [jakarta.enterprise.resource.resourceadapter.com.sun.enterprise.resource.pool] [tid: _ThreadID=65 _ThreadName=admin-listener(5)] [levelValue: 800] [[
  Created connection pool and added it to PoolManager: Pool [org.glassfish.resourcebase.resources.api.PoolInfo@5f2d2fce[jndiName=DayDoodleConnectionPool, applicationName=null, moduleName=null]] PoolSize=0  FreeResources=0  QueueSize=0 matching=off validation=off]]

[2024-05-11T14:37:39.475619+03:00] [GF 7.0.14] [INFO] [] [org.eclipse.persistence.session./file:/Users/razvangata/Documents/Licenta/DayDoodle/target/DayDoodle-1.0-SNAPSHOT/WEB-INF/classes/_default] [tid: _ThreadID=65 _ThreadName=admin-listener(5)] [levelValue: 800] [[
  EclipseLink, version: Eclipse Persistence Services - 4.0.2.v202306161219]]

[2024-05-11T14:37:39.674351+03:00] [GF 7.0.14] [WARNING] [] [org.eclipse.persistence.session./file:/Users/razvangata/Documents/Licenta/DayDoodle/target/DayDoodle-1.0-SNAPSHOT/WEB-INF/classes/_default] [tid: _ThreadID=65 _ThreadName=admin-listener(5)] [levelValue: 900] [[
  Local Exception Stack: 
Exception [EclipseLink-4002] (Eclipse Persistence Services - 4.0.2.v202306161219): org.eclipse.persistence.exceptions.DatabaseException
Internal Exception: java.sql.SQLException: Duplicate foreign key constraint name 'FK_USERDETAILS_username'
Error Code: 1826
Call: ALTER TABLE USERDETAILS ADD CONSTRAINT FK_USERDETAILS_username FOREIGN KEY (username) REFERENCES USER (USERNAME)
Query: DataModifyQuery(sql="ALTER TABLE USERDETAILS ADD CONSTRAINT FK_USERDETAILS_username FOREIGN KEY (username) REFERENCES USER (USERNAME)")
	at org.eclipse.persistence.exceptions.DatabaseException.sqlException(DatabaseException.java:334)
	at org.eclipse.persistence.internal.databaseaccess.DatabaseAccessor.executeDirectNoSelect(DatabaseAccessor.java:919)
	at org.eclipse.persistence.internal.databaseaccess.DatabaseAccessor.executeNoSelect(DatabaseAccessor.java:981)
	at org.eclipse.persistence.internal.databaseaccess.DatabaseAccessor.basicExecuteCall(DatabaseAccessor.java:642)
	at org.eclipse.persistence.internal.databaseaccess.DatabaseAccessor.executeCall(DatabaseAccessor.java:569)
	at org.eclipse.persistence.internal.sessions.AbstractSession.basicExecuteCall(AbstractSession.java:2048)
	at org.eclipse.persistence.sessions.server.ServerSession.executeCall(ServerSession.java:611)
	at org.eclipse.persistence.internal.queries.DatasourceCallQueryMechanism.executeCall(DatasourceCallQueryMechanism.java:280)
	at org.eclipse.persistence.internal.queries.DatasourceCallQueryMechanism.executeCall(DatasourceCallQueryMechanism.java:266)
	at org.eclipse.persistence.internal.queries.DatasourceCallQueryMechanism.executeNoSelectCall(DatasourceCallQueryMechanism.java:323)
	at org.eclipse.persistence.internal.queries.DatasourceCallQueryMechanism.executeNoSelect(DatasourceCallQueryMechanism.java:294)
	at org.eclipse.persistence.queries.DataModifyQuery.executeDatabaseQuery(DataModifyQuery.java:88)
	at org.eclipse.persistence.queries.DatabaseQuery.execute(DatabaseQuery.java:913)
	at org.eclipse.persistence.internal.sessions.AbstractSession.internalExecuteQuery(AbstractSession.java:3308)
	at org.eclipse.persistence.internal.sessions.AbstractSession.executeQuery(AbstractSession.java:1841)
	at org.eclipse.persistence.internal.sessions.AbstractSession.executeQuery(AbstractSession.java:1823)
	at org.eclipse.persistence.internal.sessions.AbstractSession.executeQuery(AbstractSession.java:1773)
	at org.eclipse.persistence.internal.sessions.AbstractSession.priviledgedExecuteNonSelectingCall(AbstractSession.java:5055)
	at org.eclipse.persistence.tools.schemaframework.TableDefinition.createForeignConstraintsOnDatabase(TableDefinition.java:896)
	at org.eclipse.persistence.tools.schemaframework.SchemaManager.createForeignConstraints(SchemaManager.java:195)
	at org.eclipse.persistence.tools.schemaframework.TableCreator.createConstraints(TableCreator.java:128)
	at org.eclipse.persistence.tools.schemaframework.TableCreator.createConstraints(TableCreator.java:105)
	at org.eclipse.persistence.tools.schemaframework.TableCreator.extendTables(TableCreator.java:575)
	at org.eclipse.persistence.tools.schemaframework.TableCreator.extendTablesAndConstraints(TableCreator.java:442)
	at org.eclipse.persistence.tools.schemaframework.TableCreator.extendTables(TableCreator.java:433)
	at org.eclipse.persistence.tools.schemaframework.SchemaManager.extendDefaultTables(SchemaManager.java:1191)
	at org.eclipse.persistence.internal.jpa.EntityManagerFactoryProvider.generateDefaultTables(EntityManagerFactoryProvider.java:122)
	at org.eclipse.persistence.internal.jpa.EntityManagerSetupImpl.writeDDLToDatabase(EntityManagerSetupImpl.java:4731)
	at org.eclipse.persistence.internal.jpa.EntityManagerSetupImpl.writeMetadataDDLToDatabase(EntityManagerSetupImpl.java:4798)
	at org.eclipse.persistence.internal.jpa.EntityManagerSetupImpl.writeDDL(EntityManagerSetupImpl.java:4697)
	at org.eclipse.persistence.internal.jpa.EntityManagerSetupImpl.writeDDL(EntityManagerSetupImpl.java:4572)
	at org.eclipse.persistence.internal.jpa.EntityManagerSetupImpl.deploy(EntityManagerSetupImpl.java:816)
	at org.eclipse.persistence.internal.jpa.EntityManagerFactoryDelegate.getAbstractSession(EntityManagerFactoryDelegate.java:221)
	at org.eclipse.persistence.internal.jpa.EntityManagerFactoryDelegate.getDatabaseSession(EntityManagerFactoryDelegate.java:199)
	at org.eclipse.persistence.internal.jpa.EntityManagerFactoryImpl.getDatabaseSession(EntityManagerFactoryImpl.java:534)
	at org.eclipse.persistence.jpa.PersistenceProvider.createContainerEntityManagerFactoryImpl(PersistenceProvider.java:385)
	at org.eclipse.persistence.jpa.PersistenceProvider.createContainerEntityManagerFactory(PersistenceProvider.java:313)
	at org.glassfish.persistence.jpa.PersistenceUnitLoader.loadPU(PersistenceUnitLoader.java:222)
	at org.glassfish.persistence.jpa.PersistenceUnitLoader.<init>(PersistenceUnitLoader.java:126)
	at org.glassfish.persistence.jpa.JPADeployer$1.visitPUD(JPADeployer.java:318)
	at org.glassfish.persistence.jpa.JPADeployer$PersistenceUnitDescriptorIterator.iteratePUDs(JPADeployer.java:545)
	at org.glassfish.persistence.jpa.JPADeployer.createEMFs(JPADeployer.java:325)
	at org.glassfish.persistence.jpa.JPADeployer.prepare(JPADeployer.java:168)
	at com.sun.enterprise.v3.server.ApplicationLifecycle.prepareModule(ApplicationLifecycle.java:984)
	at com.sun.enterprise.v3.server.ApplicationLifecycle.deploy(ApplicationLifecycle.java:467)
	at com.sun.enterprise.v3.server.ApplicationLifecycle.deploy(ApplicationLifecycle.java:257)
	at org.glassfish.deployment.admin.DeployCommand.execute(DeployCommand.java:471)
	at com.sun.enterprise.v3.admin.CommandRunnerImpl$2$1.run(CommandRunnerImpl.java:569)
	at com.sun.enterprise.v3.admin.CommandRunnerImpl$2$1.run(CommandRunnerImpl.java:565)
	at java.base/java.security.AccessController.doPrivileged(AccessController.java:400)
	at java.base/javax.security.auth.Subject.doAs(Subject.java:453)
	at com.sun.enterprise.v3.admin.CommandRunnerImpl$2.execute(CommandRunnerImpl.java:564)
	at com.sun.enterprise.v3.admin.CommandRunnerImpl$3.run(CommandRunnerImpl.java:595)
	at com.sun.enterprise.v3.admin.CommandRunnerImpl$3.run(CommandRunnerImpl.java:587)
	at java.base/java.security.AccessController.doPrivileged(AccessController.java:400)
	at java.base/javax.security.auth.Subject.doAs(Subject.java:453)
	at com.sun.enterprise.v3.admin.CommandRunnerImpl.doCommand(CommandRunnerImpl.java:586)
	at com.sun.enterprise.v3.admin.CommandRunnerImpl.doCommand(CommandRunnerImpl.java:1477)
	at com.sun.enterprise.v3.admin.CommandRunnerImpl$ExecutionContext.execute(CommandRunnerImpl.java:1846)
	at com.sun.enterprise.v3.admin.CommandRunnerImpl$ExecutionContext.execute(CommandRunnerImpl.java:1722)
	at com.sun.enterprise.v3.admin.AdminAdapter.doCommand(AdminAdapter.java:536)
	at com.sun.enterprise.v3.admin.AdminAdapter.onMissingResource(AdminAdapter.java:223)
	at org.glassfish.grizzly.http.server.StaticHttpHandlerBase.service(StaticHttpHandlerBase.java:150)
	at com.sun.enterprise.v3.services.impl.ContainerMapper$HttpHandlerCallable.call(ContainerMapper.java:425)
	at com.sun.enterprise.v3.services.impl.ContainerMapper.service(ContainerMapper.java:144)
	at org.glassfish.grizzly.http.server.HttpHandler.runService(HttpHandler.java:174)
	at org.glassfish.grizzly.http.server.HttpHandler.doHandle(HttpHandler.java:153)
	at org.glassfish.grizzly.http.server.HttpServerFilter.handleRead(HttpServerFilter.java:196)
	at org.glassfish.grizzly.filterchain.ExecutorResolver$9.execute(ExecutorResolver.java:88)
	at org.glassfish.grizzly.filterchain.DefaultFilterChain.executeFilter(DefaultFilterChain.java:246)
	at org.glassfish.grizzly.filterchain.DefaultFilterChain.executeChainPart(DefaultFilterChain.java:178)
	at org.glassfish.grizzly.filterchain.DefaultFilterChain.execute(DefaultFilterChain.java:118)
	at org.glassfish.grizzly.filterchain.DefaultFilterChain.process(DefaultFilterChain.java:96)
	at org.glassfish.grizzly.ProcessorExecutor.execute(ProcessorExecutor.java:51)
	at org.glassfish.grizzly.nio.transport.TCPNIOTransport.fireIOEvent(TCPNIOTransport.java:510)
	at org.glassfish.grizzly.strategies.AbstractIOStrategy.fireIOEvent(AbstractIOStrategy.java:82)
	at org.glassfish.grizzly.strategies.WorkerThreadIOStrategy.run0(WorkerThreadIOStrategy.java:83)
	at org.glassfish.grizzly.strategies.WorkerThreadIOStrategy$WorkerThreadRunnable.run(WorkerThreadIOStrategy.java:101)
	at org.glassfish.grizzly.threadpool.AbstractThreadPool$Worker.doWork(AbstractThreadPool.java:535)
	at org.glassfish.grizzly.threadpool.AbstractThreadPool$Worker.run(AbstractThreadPool.java:515)
	at java.base/java.lang.Thread.run(Thread.java:1583)
Caused by: java.sql.SQLException: Duplicate foreign key constraint name 'FK_USERDETAILS_username'
	at com.mysql.cj.jdbc.exceptions.SQLError.createSQLException(SQLError.java:130)
	at com.mysql.cj.jdbc.exceptions.SQLExceptionsMapping.translateException(SQLExceptionsMapping.java:122)
	at com.mysql.cj.jdbc.ClientPreparedStatement.executeInternal(ClientPreparedStatement.java:916)
	at com.mysql.cj.jdbc.ClientPreparedStatement.executeUpdateInternal(ClientPreparedStatement.java:1061)
	at com.mysql.cj.jdbc.ClientPreparedStatement.executeUpdateInternal(ClientPreparedStatement.java:1009)
	at com.mysql.cj.jdbc.ClientPreparedStatement.executeLargeUpdate(ClientPreparedStatement.java:1320)
	at com.mysql.cj.jdbc.ClientPreparedStatement.executeUpdate(ClientPreparedStatement.java:994)
	at com.sun.gjc.spi.base.PreparedStatementWrapper.executeUpdate(PreparedStatementWrapper.java:112)
	at org.eclipse.persistence.internal.databaseaccess.DatabaseAccessor.executeDirectNoSelect(DatabaseAccessor.java:909)
	... 79 more
]]

[2024-05-11T14:37:39.681634+03:00] [GF 7.0.14] [INFO] [] [org.glassfish.web.loader.WebappClassLoader] [tid: _ThreadID=65 _ThreadName=admin-listener(5)] [levelValue: 800] [[
  close(), this:
org.glassfish.web.loader.WebappClassLoader@484d6b20[name=unknown], urls=[
file:/Users/razvangata/Documents/Licenta/DayDoodle/target/DayDoodle-1.0-SNAPSHOT/WEB-INF/classes/
file:/Users/razvangata/glassfish7/glassfish/domains/domain1/generated/ejb/DayDoodle-1.0-SNAPSHOT/
][delegate=true, context=unknown, status=RUNNING, antiJARLocking=false, securityManager=false, packageDefinitionSecurityEnabled=false, repositories=RepositoryManager[WEB-INF/classes/], notFound.size=45, pathTimestamps.size=8, resourceEntryCache.size=8]]]

[2024-05-11T14:37:39.720037+03:00] [GF 7.0.14] [INFO] [AS-EJB-00054] [jakarta.enterprise.ejb.container] [tid: _ThreadID=65 _ThreadName=admin-listener(5)] [levelValue: 800] [[
  Portable JNDI names for EJB UserBean: [java:global/DayDoodle-1.0-SNAPSHOT/UserBean!com.daydoodle.daydoodle.ejb.UserBean, java:global/DayDoodle-1.0-SNAPSHOT/UserBean]]]

[2024-05-11T14:37:39.731520+03:00] [GF 7.0.14] [INFO] [AS-EJB-00054] [jakarta.enterprise.ejb.container] [tid: _ThreadID=65 _ThreadName=admin-listener(5)] [levelValue: 800] [[
  Portable JNDI names for EJB UserDetailsBean: [java:global/DayDoodle-1.0-SNAPSHOT/UserDetailsBean!com.daydoodle.daydoodle.ejb.UserDetailsBean, java:global/DayDoodle-1.0-SNAPSHOT/UserDetailsBean]]]

[2024-05-11T14:37:39.737187+03:00] [GF 7.0.14] [INFO] [] [org.jboss.weld.Version] [tid: _ThreadID=65 _ThreadName=admin-listener(5)] [levelValue: 800] [[
  WELD-000900: 5.1.2 (Final)]]

[2024-05-11T14:37:39.940178+03:00] [GF 7.0.14] [INFO] [] [org.jboss.weld.Event] [tid: _ThreadID=65 _ThreadName=admin-listener(5)] [levelValue: 800] [[
  WELD-000411: Observer method [BackedAnnotatedMethod] public org.glassfish.jersey.ext.cdi1x.internal.ProcessAllAnnotatedTypes.processAnnotatedType(@Observes ProcessAnnotatedType<?>, BeanManager) receives events for all annotated types. Consider restricting events using @WithAnnotations or a generic type with bounds.]]

[2024-05-11T14:37:40.227491+03:00] [GF 7.0.14] [INFO] [] [org.glassfish.soteria.servlet.SamRegistrationInstaller] [tid: _ThreadID=65 _ThreadName=admin-listener(5)] [levelValue: 800] [[
  Initializing Soteria 3.0.3 for context '/DayDoodle-1.0-SNAPSHOT']]

[2024-05-11T14:37:40.247349+03:00] [GF 7.0.14] [INFO] [AS-WEB-GLUE-00172] [jakarta.enterprise.web] [tid: _ThreadID=65 _ThreadName=admin-listener(5)] [levelValue: 800] [[
  Loading application [DayDoodle-1.0-SNAPSHOT] at [/DayDoodle-1.0-SNAPSHOT]]]

[2024-05-11T14:37:40.275166+03:00] [GF 7.0.14] [INFO] [] [jakarta.enterprise.system.core] [tid: _ThreadID=65 _ThreadName=admin-listener(5)] [levelValue: 800] [[
  DayDoodle-1.0-SNAPSHOT was successfully deployed in 2,050 milliseconds.]]

[2024-05-11T14:37:45.005413+03:00] [GF 7.0.14] [INFO] [] [com.daydoodle.daydoodle.servlets.Login] [tid: _ThreadID=49 _ThreadName=http-listener-1(3)] [levelValue: 800] [[
  
 Entered Login.doGet method 
]]

[2024-05-11T14:37:45.005909+03:00] [GF 7.0.14] [INFO] [] [com.daydoodle.daydoodle.servlets.Login] [tid: _ThreadID=49 _ThreadName=http-listener-1(3)] [levelValue: 800] [[
  
 Exited Login.doGet method 
]]

[2024-05-11T14:37:46.110561+03:00] [GF 7.0.14] [INFO] [] [com.daydoodle.daydoodle.servlets.Register] [tid: _ThreadID=47 _ThreadName=http-listener-1(1)] [levelValue: 800] [[
  
 Entered Register.doGet method 
]]

[2024-05-11T14:37:46.111290+03:00] [GF 7.0.14] [INFO] [] [com.daydoodle.daydoodle.servlets.Register] [tid: _ThreadID=47 _ThreadName=http-listener-1(1)] [levelValue: 800] [[
  
 Exited Register.doGet method, redirecting to register.jsp 
]]

[2024-05-11T14:37:46.932649+03:00] [GF 7.0.14] [INFO] [] [com.daydoodle.daydoodle.servlets.Login] [tid: _ThreadID=48 _ThreadName=http-listener-1(2)] [levelValue: 800] [[
  
 Entered Login.doGet method 
]]

[2024-05-11T14:37:46.933860+03:00] [GF 7.0.14] [INFO] [] [com.daydoodle.daydoodle.servlets.Login] [tid: _ThreadID=48 _ThreadName=http-listener-1(2)] [levelValue: 800] [[
  
 Exited Login.doGet method 
]]

[2024-05-11T14:37:51.633385+03:00] [GF 7.0.14] [WARNING] [] [com.sun.web.security.RealmAdapter] [tid: _ThreadID=50 _ThreadName=http-listener-1(4)] [levelValue: 900] [[
  WEB9102: Web Login Failed
com.sun.enterprise.security.auth.login.common.LoginException: Login failed: Failed jdbc login for t3.
	at com.sun.enterprise.security.auth.login.LoginContextDriver.doPasswordLogin(LoginContextDriver.java:332)
	at com.sun.enterprise.security.auth.login.LoginContextDriver.login(LoginContextDriver.java:200)
	at com.sun.enterprise.security.auth.login.LoginContextDriver.login(LoginContextDriver.java:129)
	at com.sun.web.security.RealmAdapter.authenticate(RealmAdapter.java:774)
	at com.sun.web.security.RealmAdapter.authenticate(RealmAdapter.java:500)
	at org.apache.catalina.authenticator.FormAuthenticator.authenticate(FormAuthenticator.java:214)
	at org.apache.catalina.authenticator.AuthenticatorBase.processSecurityCheck(AuthenticatorBase.java:763)
	at org.apache.catalina.authenticator.AuthenticatorBase.invoke(AuthenticatorBase.java:419)
	at org.apache.catalina.core.StandardPipeline.doInvoke(StandardPipeline.java:530)
	at org.apache.catalina.core.StandardPipeline.invoke(StandardPipeline.java:504)
	at com.sun.enterprise.web.WebPipeline.invoke(WebPipeline.java:71)
	at org.apache.catalina.core.StandardHostValve.invoke(StandardHostValve.java:121)
	at org.apache.catalina.connector.CoyoteAdapter.doService(CoyoteAdapter.java:293)
	at org.apache.catalina.connector.CoyoteAdapter.service(CoyoteAdapter.java:186)
	at com.sun.enterprise.v3.services.impl.ContainerMapper$HttpHandlerCallable.call(ContainerMapper.java:425)
	at com.sun.enterprise.v3.services.impl.ContainerMapper.service(ContainerMapper.java:144)
	at org.glassfish.grizzly.http.server.HttpHandler.runService(HttpHandler.java:174)
	at org.glassfish.grizzly.http.server.HttpHandler.doHandle(HttpHandler.java:153)
	at org.glassfish.grizzly.http.server.HttpServerFilter.handleRead(HttpServerFilter.java:196)
	at org.glassfish.grizzly.filterchain.ExecutorResolver$9.execute(ExecutorResolver.java:88)
	at org.glassfish.grizzly.filterchain.DefaultFilterChain.executeFilter(DefaultFilterChain.java:246)
	at org.glassfish.grizzly.filterchain.DefaultFilterChain.executeChainPart(DefaultFilterChain.java:178)
	at org.glassfish.grizzly.filterchain.DefaultFilterChain.execute(DefaultFilterChain.java:118)
	at org.glassfish.grizzly.filterchain.DefaultFilterChain.process(DefaultFilterChain.java:96)
	at org.glassfish.grizzly.ProcessorExecutor.execute(ProcessorExecutor.java:51)
	at org.glassfish.grizzly.nio.transport.TCPNIOTransport.fireIOEvent(TCPNIOTransport.java:510)
	at org.glassfish.grizzly.strategies.AbstractIOStrategy.fireIOEvent(AbstractIOStrategy.java:82)
	at org.glassfish.grizzly.strategies.WorkerThreadIOStrategy.run0(WorkerThreadIOStrategy.java:83)
	at org.glassfish.grizzly.strategies.WorkerThreadIOStrategy$WorkerThreadRunnable.run(WorkerThreadIOStrategy.java:101)
	at org.glassfish.grizzly.threadpool.AbstractThreadPool$Worker.doWork(AbstractThreadPool.java:535)
	at org.glassfish.grizzly.threadpool.AbstractThreadPool$Worker.run(AbstractThreadPool.java:515)
	at java.base/java.lang.Thread.run(Thread.java:1583)
Caused by: javax.security.auth.login.LoginException: Failed jdbc login for t3.
	at com.sun.enterprise.security.ee.authentication.glassfish.jdbc.JDBCLoginModule.authenticateUser(JDBCLoginModule.java:53)
	at com.sun.enterprise.security.BasePasswordLoginModule.login(BasePasswordLoginModule.java:110)
	at java.base/javax.security.auth.login.LoginContext.invoke(LoginContext.java:754)
	at java.base/javax.security.auth.login.LoginContext$4.run(LoginContext.java:678)
	at java.base/javax.security.auth.login.LoginContext$4.run(LoginContext.java:676)
	at java.base/java.security.AccessController.doPrivileged(AccessController.java:714)
	at java.base/javax.security.auth.login.LoginContext.invokePriv(LoginContext.java:676)
	at java.base/javax.security.auth.login.LoginContext.login(LoginContext.java:587)
	at com.sun.enterprise.security.auth.login.LoginContextDriver.doPasswordLogin(LoginContextDriver.java:322)
	... 31 more
]]

[2024-05-11T14:37:51.634841+03:00] [GF 7.0.14] [INFO] [] [com.daydoodle.daydoodle.servlets.Login] [tid: _ThreadID=50 _ThreadName=http-listener-1(4)] [levelValue: 800] [[
  
 Entered Login.doPost method 
]]

[2024-05-11T14:37:51.643300+03:00] [GF 7.0.14] [INFO] [] [com.daydoodle.daydoodle.ejb.UserBean] [tid: _ThreadID=50 _ThreadName=http-listener-1(4)] [levelValue: 800] [[
  
 Entered findAllUsers method 
]]

[2024-05-11T14:37:51.701185+03:00] [GF 7.0.14] [INFO] [] [com.daydoodle.daydoodle.ejb.UserBean] [tid: _ThreadID=50 _ThreadName=http-listener-1(4)] [levelValue: 800] [[
  
 Exited findAllUsers method 
]]

[2024-05-11T14:37:51.701487+03:00] [GF 7.0.14] [INFO] [] [com.daydoodle.daydoodle.ejb.UserBean] [tid: _ThreadID=50 _ThreadName=http-listener-1(4)] [levelValue: 800] [[
  
 Entered copyUsersToDto method with list size: 3 
]]

[2024-05-11T14:37:51.701598+03:00] [GF 7.0.14] [INFO] [] [com.daydoodle.daydoodle.ejb.UserBean] [tid: _ThreadID=50 _ThreadName=http-listener-1(4)] [levelValue: 800] [[
  
 Exited copyUsersToDto method. 
]]

[2024-05-11T14:37:51.702970+03:00] [GF 7.0.14] [INFO] [] [com.daydoodle.daydoodle.ejb.UserBean] [tid: _ThreadID=50 _ThreadName=http-listener-1(4)] [levelValue: 800] [[
  
 Entered findUserByUsername method with the username: t3 
]]

[2024-05-11T14:37:51.703087+03:00] [GF 7.0.14] [INFO] [] [com.daydoodle.daydoodle.ejb.UserBean] [tid: _ThreadID=50 _ThreadName=http-listener-1(4)] [levelValue: 800] [[
  
 Exited findUserByUsername method. 
]]

[2024-05-11T14:37:51.703360+03:00] [GF 7.0.14] [INFO] [] [com.daydoodle.daydoodle.servlets.Login] [tid: _ThreadID=50 _ThreadName=http-listener-1(4)] [levelValue: 800] [[
  
 Exited Login.doPost method, redirecting to Feed servlet 
]]

[2024-05-11T14:37:51.713602+03:00] [GF 7.0.14] [INFO] [] [com.daydoodle.daydoodle.servlets.Feed] [tid: _ThreadID=47 _ThreadName=http-listener-1(1)] [levelValue: 800] [[
  
 Entered Feed.doGet 
]]

[2024-05-11T14:37:51.713736+03:00] [GF 7.0.14] [INFO] [] [com.daydoodle.daydoodle.servlets.Feed] [tid: _ThreadID=47 _ThreadName=http-listener-1(1)] [levelValue: 800] [[
  
 Exited Feed.doGet, redirecting to feed.jsp 
]]

[2024-05-11T14:37:58.580466+03:00] [GF 7.0.14] [INFO] [] [org.glassfish.web.loader.WebappClassLoader] [tid: _ThreadID=61 _ThreadName=admin-listener(1)] [levelValue: 800] [[
  close(), this:
org.glassfish.web.loader.WebappClassLoader@2f20f3e7[name=/DayDoodle-1.0-SNAPSHOT], urls=[
file:/Users/razvangata/Documents/Licenta/DayDoodle/target/DayDoodle-1.0-SNAPSHOT/WEB-INF/classes/
file:/Users/razvangata/glassfish7/glassfish/domains/domain1/generated/ejb/DayDoodle-1.0-SNAPSHOT/
][delegate=true, context=/DayDoodle-1.0-SNAPSHOT, status=RUNNING, antiJARLocking=false, securityManager=false, packageDefinitionSecurityEnabled=false, repositories=RepositoryManager[WEB-INF/classes/], notFound.size=85, pathTimestamps.size=24, resourceEntryCache.size=24]]]

[2024-05-11T14:37:59.214452+03:00] [GF 7.0.14] [INFO] [NCLS-REST-00001] [jakarta.enterprise.admin.rest] [tid: _ThreadID=64 _ThreadName=admin-listener(4)] [levelValue: 800] [[
  Listening to REST requests at context: /command/domain.]]

[2024-05-11T14:37:59.244990+03:00] [GF 7.0.14] [INFO] [NCLS-CORE-00092] [jakarta.enterprise.system.core] [tid: _ThreadID=160 _ThreadName=Thread-30] [levelValue: 800] [[
  Server shutdown initiated]]

[2024-05-11T14:37:59.248720+03:00] [GF 7.0.14] [INFO] [NCLS-JMX-00002] [jakarta.enterprise.system.jmx] [tid: _ThreadID=160 _ThreadName=Thread-30] [levelValue: 800] [[
  JMXStartupService: Stopped JMXConnectorServer: null]]

[2024-05-11T14:37:59.248915+03:00] [GF 7.0.14] [INFO] [NCLS-JMX-00001] [jakarta.enterprise.system.jmx] [tid: _ThreadID=160 _ThreadName=Thread-30] [levelValue: 800] [[
  JMXStartupService and JMXConnectors have been shut down.]]

[2024-05-11T14:37:59.276655+03:00] [GF 7.0.14] [INFO] [ra.stop-successful] [jakarta.enterprise.resource.resourceadapter.com.sun.enterprise.connectors.service] [tid: _ThreadID=166 _ThreadName=Thread-36] [levelValue: 800] [[
  RAR7094: __ds_jdbc_ra shutdown successful.]]

[2024-05-11T14:37:59.277463+03:00] [GF 7.0.14] [INFO] [NCLS-CORE-00013] [jakarta.enterprise.system.core] [tid: _ThreadID=160 _ThreadName=Thread-30] [levelValue: 800] [[
  Shutdown procedure finished]]

